[1.657s] Invoking command in '/home/hosbot/ros2_ws/build/hospital_robot': DEBUGINFOD_URLS=https://debuginfod.ubuntu.com PYTHONPATH=/home/hosbot/ros2_ws/build/hospital_robot/prefix_override:/usr/lib/python3/dist-packages/colcon_core/task/python/colcon_distutils_commands:/home/hosbot/ros2_ws/install/hospital_robot/lib/python3.12/site-packages:${PYTHONPATH} /usr/bin/python3 -W ignore:setup.py install is deprecated -W ignore:easy_install command is deprecated setup.py develop --editable --build-directory /home/hosbot/ros2_ws/build/hospital_robot/build --no-deps symlink_data --force
[2.117s] running develop
[2.397s] running egg_info
[2.424s] writing hospital_robot.egg-info/PKG-INFO
[2.425s] writing dependency_links to hospital_robot.egg-info/dependency_links.txt
[2.427s] writing entry points to hospital_robot.egg-info/entry_points.txt
[2.427s] writing requirements to hospital_robot.egg-info/requires.txt
[2.428s] writing top-level names to hospital_robot.egg-info/top_level.txt
[2.485s] reading manifest file 'hospital_robot.egg-info/SOURCES.txt'
[2.492s] writing manifest file 'hospital_robot.egg-info/SOURCES.txt'
[2.522s] running build_ext
[2.522s] Creating /home/hosbot/ros2_ws/install/hospital_robot/lib/python3.12/site-packages/hospital-robot.egg-link (link to .)
[2.523s] Installing motor_control script to /home/hosbot/ros2_ws/install/hospital_robot/lib/hospital_robot
[2.523s] Installing web_server script to /home/hosbot/ros2_ws/install/hospital_robot/lib/hospital_robot
[2.524s] 
[2.524s] Installed /home/hosbot/ros2_ws/build/hospital_robot
[2.524s] running symlink_data
[2.524s] symbolically linking /home/hosbot/ros2_ws/build/hospital_robot/resource/hospital_robot -> /home/hosbot/ros2_ws/install/hospital_robot/share/ament_index/resource_index/packages
[2.524s] symbolically linking /home/hosbot/ros2_ws/build/hospital_robot/package.xml -> /home/hosbot/ros2_ws/install/hospital_robot/share/hospital_robot
[2.613s] Invoked command in '/home/hosbot/ros2_ws/build/hospital_robot' returned '0': DEBUGINFOD_URLS=https://debuginfod.ubuntu.com PYTHONPATH=/home/hosbot/ros2_ws/build/hospital_robot/prefix_override:/usr/lib/python3/dist-packages/colcon_core/task/python/colcon_distutils_commands:/home/hosbot/ros2_ws/install/hospital_robot/lib/python3.12/site-packages:${PYTHONPATH} /usr/bin/python3 -W ignore:setup.py install is deprecated -W ignore:easy_install command is deprecated setup.py develop --editable --build-directory /home/hosbot/ros2_ws/build/hospital_robot/build --no-deps symlink_data --force
