[0.150s] DEBUG:colcon:Command line arguments: ['/usr/bin/colcon', 'build', '--packages-select', 'hospital_robot']
[0.150s] DEBUG:colcon:Parsed command line arguments: Namespace(log_base=None, log_level=None, verb_name='build', build_base='build', install_base='install', merge_install=False, symlink_install=False, test_result_base=None, continue_on_error=False, executor='parallel', parallel_workers=4, event_handlers=None, ignore_user_meta=False, metas=['./colcon.meta'], base_paths=['.'], packages_ignore=None, packages_ignore_regex=None, paths=None, packages_up_to=None, packages_up_to_regex=None, packages_above=None, packages_above_and_dependencies=None, packages_above_depth=None, packages_select_by_dep=None, packages_skip_by_dep=None, packages_skip_up_to=None, packages_select_build_failed=False, packages_skip_build_finished=False, packages_select_test_failures=False, packages_skip_test_passed=False, packages_select=['hospital_robot'], packages_skip=None, packages_select_regex=None, packages_skip_regex=None, packages_start=None, packages_end=None, allow_overriding=[], cmake_args=None, cmake_target=None, cmake_target_skip_unavailable=False, cmake_clean_cache=False, cmake_clean_first=False, cmake_force_configure=False, ament_cmake_args=None, catkin_cmake_args=None, catkin_skip_building_tests=False, mixin_files=None, mixin=None, verb_parser=<colcon_mixin.mixin.mixin_argument.MixinArgumentDecorator object at 0xffffbcfb39e0>, verb_extension=<colcon_core.verb.build.BuildVerb object at 0xffffbc57d370>, main=<bound method BuildVerb.main of <colcon_core.verb.build.BuildVerb object at 0xffffbc57d370>>, mixin_verb=('build',))
[0.206s] Level 1:colcon.colcon_core.package_discovery:discover_packages(colcon_meta) check parameters
[0.206s] Level 1:colcon.colcon_core.package_discovery:discover_packages(recursive) check parameters
[0.207s] Level 1:colcon.colcon_core.package_discovery:discover_packages(ignore) check parameters
[0.207s] Level 1:colcon.colcon_core.package_discovery:discover_packages(path) check parameters
[0.207s] Level 1:colcon.colcon_core.package_discovery:discover_packages(colcon_meta) discover
[0.207s] Level 1:colcon.colcon_core.package_discovery:discover_packages(recursive) discover
[0.207s] INFO:colcon.colcon_core.package_discovery:Crawling recursively for packages in '/home/hosbot/ros2_ws'
[0.207s] Level 1:colcon.colcon_core.package_identification:_identify(.) by extensions ['ignore', 'ignore_ament_install']
[0.207s] Level 1:colcon.colcon_core.package_identification:_identify(.) by extension 'ignore'
[0.207s] Level 1:colcon.colcon_core.package_identification:_identify(.) by extension 'ignore_ament_install'
[0.207s] Level 1:colcon.colcon_core.package_identification:_identify(.) by extensions ['colcon_pkg']
[0.207s] Level 1:colcon.colcon_core.package_identification:_identify(.) by extension 'colcon_pkg'
[0.207s] Level 1:colcon.colcon_core.package_identification:_identify(.) by extensions ['colcon_meta']
[0.207s] Level 1:colcon.colcon_core.package_identification:_identify(.) by extension 'colcon_meta'
[0.207s] Level 1:colcon.colcon_core.package_identification:_identify(.) by extensions ['ros']
[0.207s] Level 1:colcon.colcon_core.package_identification:_identify(.) by extension 'ros'
[0.245s] Level 1:colcon.colcon_core.package_identification:_identify(.) by extensions ['cmake', 'python']
[0.245s] Level 1:colcon.colcon_core.package_identification:_identify(.) by extension 'cmake'
[0.245s] Level 1:colcon.colcon_core.package_identification:_identify(.) by extension 'python'
[0.245s] Level 1:colcon.colcon_core.package_identification:_identify(.) by extensions ['python_setup_py']
[0.245s] Level 1:colcon.colcon_core.package_identification:_identify(.) by extension 'python_setup_py'
[0.245s] Level 1:colcon.colcon_core.package_identification:_identify(build) by extensions ['ignore', 'ignore_ament_install']
[0.246s] Level 1:colcon.colcon_core.package_identification:_identify(build) by extension 'ignore'
[0.246s] Level 1:colcon.colcon_core.package_identification:_identify(build) ignored
[0.246s] Level 1:colcon.colcon_core.package_identification:_identify(install) by extensions ['ignore', 'ignore_ament_install']
[0.246s] Level 1:colcon.colcon_core.package_identification:_identify(install) by extension 'ignore'
[0.246s] Level 1:colcon.colcon_core.package_identification:_identify(install) ignored
[0.246s] Level 1:colcon.colcon_core.package_identification:_identify(log) by extensions ['ignore', 'ignore_ament_install']
[0.246s] Level 1:colcon.colcon_core.package_identification:_identify(log) by extension 'ignore'
[0.246s] Level 1:colcon.colcon_core.package_identification:_identify(log) ignored
[0.246s] Level 1:colcon.colcon_core.package_identification:_identify(src) by extensions ['ignore', 'ignore_ament_install']
[0.246s] Level 1:colcon.colcon_core.package_identification:_identify(src) by extension 'ignore'
[0.247s] Level 1:colcon.colcon_core.package_identification:_identify(src) by extension 'ignore_ament_install'
[0.247s] Level 1:colcon.colcon_core.package_identification:_identify(src) by extensions ['colcon_pkg']
[0.247s] Level 1:colcon.colcon_core.package_identification:_identify(src) by extension 'colcon_pkg'
[0.247s] Level 1:colcon.colcon_core.package_identification:_identify(src) by extensions ['colcon_meta']
[0.247s] Level 1:colcon.colcon_core.package_identification:_identify(src) by extension 'colcon_meta'
[0.247s] Level 1:colcon.colcon_core.package_identification:_identify(src) by extensions ['ros']
[0.247s] Level 1:colcon.colcon_core.package_identification:_identify(src) by extension 'ros'
[0.247s] Level 1:colcon.colcon_core.package_identification:_identify(src) by extensions ['cmake', 'python']
[0.247s] Level 1:colcon.colcon_core.package_identification:_identify(src) by extension 'cmake'
[0.247s] Level 1:colcon.colcon_core.package_identification:_identify(src) by extension 'python'
[0.247s] Level 1:colcon.colcon_core.package_identification:_identify(src) by extensions ['python_setup_py']
[0.247s] Level 1:colcon.colcon_core.package_identification:_identify(src) by extension 'python_setup_py'
[0.247s] Level 1:colcon.colcon_core.package_identification:_identify(src/hospital_robot) by extensions ['ignore', 'ignore_ament_install']
[0.247s] Level 1:colcon.colcon_core.package_identification:_identify(src/hospital_robot) by extension 'ignore'
[0.247s] Level 1:colcon.colcon_core.package_identification:_identify(src/hospital_robot) by extension 'ignore_ament_install'
[0.247s] Level 1:colcon.colcon_core.package_identification:_identify(src/hospital_robot) by extensions ['colcon_pkg']
[0.247s] Level 1:colcon.colcon_core.package_identification:_identify(src/hospital_robot) by extension 'colcon_pkg'
[0.247s] Level 1:colcon.colcon_core.package_identification:_identify(src/hospital_robot) by extensions ['colcon_meta']
[0.247s] Level 1:colcon.colcon_core.package_identification:_identify(src/hospital_robot) by extension 'colcon_meta'
[0.248s] Level 1:colcon.colcon_core.package_identification:_identify(src/hospital_robot) by extensions ['ros']
[0.248s] Level 1:colcon.colcon_core.package_identification:_identify(src/hospital_robot) by extension 'ros'
[0.251s] DEBUG:colcon.colcon_core.package_identification:Package 'src/hospital_robot' with type 'ros.ament_python' and name 'hospital_robot'
[0.251s] Level 1:colcon.colcon_core.package_discovery:discover_packages(recursive) using defaults
[0.251s] Level 1:colcon.colcon_core.package_discovery:discover_packages(ignore) discover
[0.251s] Level 1:colcon.colcon_core.package_discovery:discover_packages(ignore) using defaults
[0.251s] Level 1:colcon.colcon_core.package_discovery:discover_packages(path) discover
[0.251s] Level 1:colcon.colcon_core.package_discovery:discover_packages(path) using defaults
[0.274s] Level 1:colcon.colcon_core.package_discovery:discover_packages(prefix_path) check parameters
[0.274s] Level 1:colcon.colcon_core.package_discovery:discover_packages(prefix_path) discover
[0.276s] WARNING:colcon.colcon_ros.prefix_path.catkin:The path '/opt/ros/jazzy/opt/gz_sim_vendor' in the environment variable CMAKE_PREFIX_PATH doesn't exist
[0.276s] WARNING:colcon.colcon_ros.prefix_path.catkin:The path '/opt/ros/jazzy/opt/gz_sensors_vendor' in the environment variable CMAKE_PREFIX_PATH doesn't exist
[0.276s] WARNING:colcon.colcon_ros.prefix_path.catkin:The path '/opt/ros/jazzy/opt/gz_physics_vendor' in the environment variable CMAKE_PREFIX_PATH doesn't exist
[0.276s] WARNING:colcon.colcon_ros.prefix_path.catkin:The path '/opt/ros/jazzy/opt/gz_gui_vendor' in the environment variable CMAKE_PREFIX_PATH doesn't exist
[0.276s] WARNING:colcon.colcon_ros.prefix_path.catkin:The path '/opt/ros/jazzy/opt/gz_rendering_vendor' in the environment variable CMAKE_PREFIX_PATH doesn't exist
[0.276s] WARNING:colcon.colcon_ros.prefix_path.catkin:The path '/opt/ros/jazzy/opt/gz_fuel_tools_vendor' in the environment variable CMAKE_PREFIX_PATH doesn't exist
[0.276s] WARNING:colcon.colcon_ros.prefix_path.catkin:The path '/opt/ros/jazzy/opt/gz_common_vendor' in the environment variable CMAKE_PREFIX_PATH doesn't exist
[0.277s] DEBUG:colcon.colcon_installed_package_information.package_discovery:Found 1 installed packages in /home/hosbot/ros2_ws/install
[0.279s] DEBUG:colcon.colcon_installed_package_information.package_discovery:Found 356 installed packages in /opt/ros/jazzy
[0.282s] Level 1:colcon.colcon_core.package_discovery:discover_packages(prefix_path) using defaults
[0.351s] Level 5:colcon.colcon_core.verb:set package 'hospital_robot' build argument 'cmake_args' from command line to 'None'
[0.351s] Level 5:colcon.colcon_core.verb:set package 'hospital_robot' build argument 'cmake_target' from command line to 'None'
[0.351s] Level 5:colcon.colcon_core.verb:set package 'hospital_robot' build argument 'cmake_target_skip_unavailable' from command line to 'False'
[0.351s] Level 5:colcon.colcon_core.verb:set package 'hospital_robot' build argument 'cmake_clean_cache' from command line to 'False'
[0.351s] Level 5:colcon.colcon_core.verb:set package 'hospital_robot' build argument 'cmake_clean_first' from command line to 'False'
[0.351s] Level 5:colcon.colcon_core.verb:set package 'hospital_robot' build argument 'cmake_force_configure' from command line to 'False'
[0.351s] Level 5:colcon.colcon_core.verb:set package 'hospital_robot' build argument 'ament_cmake_args' from command line to 'None'
[0.351s] Level 5:colcon.colcon_core.verb:set package 'hospital_robot' build argument 'catkin_cmake_args' from command line to 'None'
[0.351s] Level 5:colcon.colcon_core.verb:set package 'hospital_robot' build argument 'catkin_skip_building_tests' from command line to 'False'
[0.351s] DEBUG:colcon.colcon_core.verb:Building package 'hospital_robot' with the following arguments: {'ament_cmake_args': None, 'build_base': '/home/hosbot/ros2_ws/build/hospital_robot', 'catkin_cmake_args': None, 'catkin_skip_building_tests': False, 'cmake_args': None, 'cmake_clean_cache': False, 'cmake_clean_first': False, 'cmake_force_configure': False, 'cmake_target': None, 'cmake_target_skip_unavailable': False, 'install_base': '/home/hosbot/ros2_ws/install/hospital_robot', 'merge_install': False, 'path': '/home/hosbot/ros2_ws/src/hospital_robot', 'symlink_install': False, 'test_result_base': None}
[0.351s] INFO:colcon.colcon_core.executor:Executing jobs using 'parallel' executor
[0.353s] DEBUG:colcon.colcon_parallel_executor.executor.parallel:run_until_complete
[0.353s] INFO:colcon.colcon_ros.task.ament_python.build:Building ROS package in '/home/hosbot/ros2_ws/src/hospital_robot' with build type 'ament_python'
[0.353s] Level 1:colcon.colcon_core.shell:create_environment_hook('hospital_robot', 'ament_prefix_path')
[0.356s] INFO:colcon.colcon_core.plugin_system:Skipping extension 'colcon_core.shell.bat': Not used on non-Windows systems
[0.356s] INFO:colcon.colcon_core.shell:Creating environment hook '/home/hosbot/ros2_ws/install/hospital_robot/share/hospital_robot/hook/ament_prefix_path.ps1'
[0.357s] INFO:colcon.colcon_core.shell:Creating environment descriptor '/home/hosbot/ros2_ws/install/hospital_robot/share/hospital_robot/hook/ament_prefix_path.dsv'
[0.359s] INFO:colcon.colcon_core.shell:Creating environment hook '/home/hosbot/ros2_ws/install/hospital_robot/share/hospital_robot/hook/ament_prefix_path.sh'
[0.360s] INFO:colcon.colcon_core.shell:Skip shell extension 'powershell' for command environment: Not usable outside of PowerShell
[0.360s] DEBUG:colcon.colcon_core.shell:Skip shell extension 'dsv' for command environment
[0.705s] INFO:colcon.colcon_core.task.python.build:Building Python package in '/home/hosbot/ros2_ws/src/hospital_robot'
[0.706s] INFO:colcon.colcon_core.shell:Skip shell extension 'powershell' for command environment: Not usable outside of PowerShell
[0.706s] DEBUG:colcon.colcon_core.shell:Skip shell extension 'dsv' for command environment
[1.573s] DEBUG:colcon.colcon_core.event_handler.log_command:Invoking command in '/home/hosbot/ros2_ws/src/hospital_robot': DEBUGINFOD_URLS=https://debuginfod.ubuntu.com PYTHONPATH=/home/hosbot/ros2_ws/build/hospital_robot/prefix_override:/usr/lib/python3/dist-packages/colcon_core/task/python/colcon_distutils_commands:/home/hosbot/ros2_ws/install/hospital_robot/lib/python3.12/site-packages:${PYTHONPATH} /usr/bin/python3 -W ignore:setup.py install is deprecated -W ignore:easy_install command is deprecated setup.py egg_info --egg-base ../../build/hospital_robot build --build-base /home/hosbot/ros2_ws/build/hospital_robot/build install --record /home/hosbot/ros2_ws/build/hospital_robot/install.log --single-version-externally-managed install_data
[2.367s] DEBUG:colcon.colcon_core.event_handler.log_command:Invoked command in '/home/hosbot/ros2_ws/src/hospital_robot' returned '0': DEBUGINFOD_URLS=https://debuginfod.ubuntu.com PYTHONPATH=/home/hosbot/ros2_ws/build/hospital_robot/prefix_override:/usr/lib/python3/dist-packages/colcon_core/task/python/colcon_distutils_commands:/home/hosbot/ros2_ws/install/hospital_robot/lib/python3.12/site-packages:${PYTHONPATH} /usr/bin/python3 -W ignore:setup.py install is deprecated -W ignore:easy_install command is deprecated setup.py egg_info --egg-base ../../build/hospital_robot build --build-base /home/hosbot/ros2_ws/build/hospital_robot/build install --record /home/hosbot/ros2_ws/build/hospital_robot/install.log --single-version-externally-managed install_data
[2.370s] Level 1:colcon.colcon_core.environment:checking '/home/hosbot/ros2_ws/install/hospital_robot' for CMake module files
[2.370s] Level 1:colcon.colcon_core.environment:checking '/home/hosbot/ros2_ws/install/hospital_robot' for CMake config files
[2.371s] Level 1:colcon.colcon_core.environment:checking '/home/hosbot/ros2_ws/install/hospital_robot/lib'
[2.372s] Level 1:colcon.colcon_core.environment:checking '/home/hosbot/ros2_ws/install/hospital_robot/bin'
[2.372s] Level 1:colcon.colcon_core.environment:checking '/home/hosbot/ros2_ws/install/hospital_robot/lib/pkgconfig/hospital_robot.pc'
[2.372s] Level 1:colcon.colcon_core.environment:checking '/home/hosbot/ros2_ws/install/hospital_robot/lib/python3.12/site-packages'
[2.372s] Level 1:colcon.colcon_core.shell:create_environment_hook('hospital_robot', 'pythonpath')
[2.372s] INFO:colcon.colcon_core.shell:Creating environment hook '/home/hosbot/ros2_ws/install/hospital_robot/share/hospital_robot/hook/pythonpath.ps1'
[2.373s] INFO:colcon.colcon_core.shell:Creating environment descriptor '/home/hosbot/ros2_ws/install/hospital_robot/share/hospital_robot/hook/pythonpath.dsv'
[2.374s] INFO:colcon.colcon_core.shell:Creating environment hook '/home/hosbot/ros2_ws/install/hospital_robot/share/hospital_robot/hook/pythonpath.sh'
[2.375s] Level 1:colcon.colcon_core.environment:checking '/home/hosbot/ros2_ws/install/hospital_robot/bin'
[2.375s] Level 1:colcon.colcon_core.environment:create_environment_scripts_only(hospital_robot)
[2.375s] INFO:colcon.colcon_core.shell:Creating package script '/home/hosbot/ros2_ws/install/hospital_robot/share/hospital_robot/package.ps1'
[2.376s] INFO:colcon.colcon_core.shell:Creating package descriptor '/home/hosbot/ros2_ws/install/hospital_robot/share/hospital_robot/package.dsv'
[2.377s] INFO:colcon.colcon_core.shell:Creating package script '/home/hosbot/ros2_ws/install/hospital_robot/share/hospital_robot/package.sh'
[2.378s] INFO:colcon.colcon_core.shell:Creating package script '/home/hosbot/ros2_ws/install/hospital_robot/share/hospital_robot/package.bash'
[2.379s] INFO:colcon.colcon_core.shell:Creating package script '/home/hosbot/ros2_ws/install/hospital_robot/share/hospital_robot/package.zsh'
[2.380s] Level 1:colcon.colcon_core.environment:create_file_with_runtime_dependencies(/home/hosbot/ros2_ws/install/hospital_robot/share/colcon-core/packages/hospital_robot)
[2.381s] DEBUG:colcon.colcon_parallel_executor.executor.parallel:closing loop
[2.381s] DEBUG:colcon.colcon_parallel_executor.executor.parallel:loop closed
[2.381s] DEBUG:colcon.colcon_parallel_executor.executor.parallel:run_until_complete finished with '0'
[2.382s] DEBUG:colcon.colcon_core.event_reactor:joining thread
[2.389s] INFO:colcon.colcon_core.plugin_system:Skipping extension 'colcon_notification.desktop_notification.terminal_notifier': Not used on non-Darwin systems
[2.389s] INFO:colcon.colcon_core.plugin_system:Skipping extension 'colcon_notification.desktop_notification.win32': Not used on non-Windows systems
[2.389s] INFO:colcon.colcon_notification.desktop_notification:Sending desktop notification using 'notify2'
[2.391s] DEBUG:colcon.colcon_notification.desktop_notification.notify2:Failed to initialize notify2: org.freedesktop.DBus.Error.ServiceUnknown: The name org.freedesktop.Notifications was not provided by any .service files
[2.391s] DEBUG:colcon.colcon_core.event_reactor:joined thread
[2.391s] INFO:colcon.colcon_core.shell:Creating prefix script '/home/hosbot/ros2_ws/install/local_setup.ps1'
[2.392s] INFO:colcon.colcon_core.shell:Creating prefix util module '/home/hosbot/ros2_ws/install/_local_setup_util_ps1.py'
[2.394s] INFO:colcon.colcon_core.shell:Creating prefix chain script '/home/hosbot/ros2_ws/install/setup.ps1'
[2.395s] INFO:colcon.colcon_core.shell:Creating prefix script '/home/hosbot/ros2_ws/install/local_setup.sh'
[2.396s] INFO:colcon.colcon_core.shell:Creating prefix util module '/home/hosbot/ros2_ws/install/_local_setup_util_sh.py'
[2.397s] INFO:colcon.colcon_core.shell:Creating prefix chain script '/home/hosbot/ros2_ws/install/setup.sh'
[2.399s] INFO:colcon.colcon_core.shell:Creating prefix script '/home/hosbot/ros2_ws/install/local_setup.bash'
[2.399s] INFO:colcon.colcon_core.shell:Creating prefix chain script '/home/hosbot/ros2_ws/install/setup.bash'
[2.400s] INFO:colcon.colcon_core.shell:Creating prefix script '/home/hosbot/ros2_ws/install/local_setup.zsh'
[2.401s] INFO:colcon.colcon_core.shell:Creating prefix chain script '/home/hosbot/ros2_ws/install/setup.zsh'
