[1.211s] Invoking command in '/home/hosbot/ros2_ws/build/hospital_robot': DEBUGINFOD_URLS=https://debuginfod.ubuntu.com PYTHONPATH=/home/hosbot/ros2_ws/build/hospital_robot/prefix_override:/usr/lib/python3/dist-packages/colcon_core/task/python/colcon_distutils_commands:/home/hosbot/ros2_ws/install/hospital_robot/lib/python3.12/site-packages:${PYTHONPATH} /usr/bin/python3 -W ignore:setup.py install is deprecated -W ignore:easy_install command is deprecated setup.py develop --uninstall --editable --build-directory /home/hosbot/ros2_ws/build/hospital_robot/build
[1.642s] running develop
[1.927s] Removing /home/hosbot/ros2_ws/install/hospital_robot/lib/python3.12/site-packages/hospital-robot.egg-link (link to .)
[2.008s] Invoked command in '/home/hosbot/ros2_ws/build/hospital_robot' returned '0': DEBUGINFOD_URLS=https://debuginfod.ubuntu.com PYTHONPATH=/home/hosbot/ros2_ws/build/hospital_robot/prefix_override:/usr/lib/python3/dist-packages/colcon_core/task/python/colcon_distutils_commands:/home/hosbot/ros2_ws/install/hospital_robot/lib/python3.12/site-packages:${PYTHONPATH} /usr/bin/python3 -W ignore:setup.py install is deprecated -W ignore:easy_install command is deprecated setup.py develop --uninstall --editable --build-directory /home/hosbot/ros2_ws/build/hospital_robot/build
[2.010s] Invoking command in '/home/hosbot/ros2_ws/src/hospital_robot': DEBUGINFOD_URLS=https://debuginfod.ubuntu.com PYTHONPATH=/home/hosbot/ros2_ws/build/hospital_robot/prefix_override:/usr/lib/python3/dist-packages/colcon_core/task/python/colcon_distutils_commands:/home/hosbot/ros2_ws/install/hospital_robot/lib/python3.12/site-packages:${PYTHONPATH} /usr/bin/python3 -W ignore:setup.py install is deprecated -W ignore:easy_install command is deprecated setup.py egg_info --egg-base ../../build/hospital_robot build --build-base /home/hosbot/ros2_ws/build/hospital_robot/build install --record /home/hosbot/ros2_ws/build/hospital_robot/install.log --single-version-externally-managed install_data --force
[2.376s] running egg_info
[2.402s] writing ../../build/hospital_robot/hospital_robot.egg-info/PKG-INFO
[2.403s] writing dependency_links to ../../build/hospital_robot/hospital_robot.egg-info/dependency_links.txt
[2.405s] writing entry points to ../../build/hospital_robot/hospital_robot.egg-info/entry_points.txt
[2.406s] writing requirements to ../../build/hospital_robot/hospital_robot.egg-info/requires.txt
[2.406s] writing top-level names to ../../build/hospital_robot/hospital_robot.egg-info/top_level.txt
[2.462s] reading manifest file '../../build/hospital_robot/hospital_robot.egg-info/SOURCES.txt'
[2.463s] writing manifest file '../../build/hospital_robot/hospital_robot.egg-info/SOURCES.txt'
[2.463s] running build
[2.463s] running build_py
[2.464s] copying hospital_robot/motor_control.py -> /home/hosbot/ros2_ws/build/hospital_robot/build/lib/hospital_robot
[2.464s] running install
[2.473s] running install_lib
[2.500s] creating /home/hosbot/ros2_ws/install/hospital_robot/lib/python3.12/site-packages/hospital_robot
[2.501s] copying /home/hosbot/ros2_ws/build/hospital_robot/build/lib/hospital_robot/motor_control.py -> /home/hosbot/ros2_ws/install/hospital_robot/lib/python3.12/site-packages/hospital_robot
[2.501s] copying /home/hosbot/ros2_ws/build/hospital_robot/build/lib/hospital_robot/__init__.py -> /home/hosbot/ros2_ws/install/hospital_robot/lib/python3.12/site-packages/hospital_robot
[2.501s] byte-compiling /home/hosbot/ros2_ws/install/hospital_robot/lib/python3.12/site-packages/hospital_robot/motor_control.py to motor_control.cpython-312.pyc
[2.504s] byte-compiling /home/hosbot/ros2_ws/install/hospital_robot/lib/python3.12/site-packages/hospital_robot/__init__.py to __init__.cpython-312.pyc
[2.504s] running install_data
[2.504s] copying resource/hospital_robot -> /home/hosbot/ros2_ws/install/hospital_robot/share/ament_index/resource_index/packages
[2.505s] copying package.xml -> /home/hosbot/ros2_ws/install/hospital_robot/share/hospital_robot
[2.505s] running install_egg_info
[2.534s] Copying ../../build/hospital_robot/hospital_robot.egg-info to /home/hosbot/ros2_ws/install/hospital_robot/lib/python3.12/site-packages/hospital_robot-0.0.0-py3.12.egg-info
[2.536s] running install_scripts
[2.723s] Installing motor_control script to /home/hosbot/ros2_ws/install/hospital_robot/lib/hospital_robot
[2.723s] writing list of installed files to '/home/hosbot/ros2_ws/build/hospital_robot/install.log'
[2.794s] Invoked command in '/home/hosbot/ros2_ws/src/hospital_robot' returned '0': DEBUGINFOD_URLS=https://debuginfod.ubuntu.com PYTHONPATH=/home/hosbot/ros2_ws/build/hospital_robot/prefix_override:/usr/lib/python3/dist-packages/colcon_core/task/python/colcon_distutils_commands:/home/hosbot/ros2_ws/install/hospital_robot/lib/python3.12/site-packages:${PYTHONPATH} /usr/bin/python3 -W ignore:setup.py install is deprecated -W ignore:easy_install command is deprecated setup.py egg_info --egg-base ../../build/hospital_robot build --build-base /home/hosbot/ros2_ws/build/hospital_robot/build install --record /home/hosbot/ros2_ws/build/hospital_robot/install.log --single-version-externally-managed install_data --force
