[1.501s] Invoking command in '/home/hosbot/ros2_ws/build/hospital_robot': DEBUGINFOD_URLS=https://debuginfod.ubuntu.com PYTHONPATH=/home/hosbot/ros2_ws/build/hospital_robot/prefix_override:/usr/lib/python3/dist-packages/colcon_core/task/python/colcon_distutils_commands:/home/hosbot/ros2_ws/install/hospital_robot/lib/python3.12/site-packages:${PYTHONPATH} /usr/bin/python3 -W ignore:setup.py install is deprecated -W ignore:easy_install command is deprecated setup.py develop --uninstall --editable --build-directory /home/hosbot/ros2_ws/build/hospital_robot/build
[1.923s] running develop
[2.207s] Removing /home/hosbot/ros2_ws/install/hospital_robot/lib/python3.12/site-packages/hospital-robot.egg-link (link to .)
[2.287s] Invoked command in '/home/hosbot/ros2_ws/build/hospital_robot' returned '0': DEBUGINFOD_URLS=https://debuginfod.ubuntu.com PYTHONPATH=/home/hosbot/ros2_ws/build/hospital_robot/prefix_override:/usr/lib/python3/dist-packages/colcon_core/task/python/colcon_distutils_commands:/home/hosbot/ros2_ws/install/hospital_robot/lib/python3.12/site-packages:${PYTHONPATH} /usr/bin/python3 -W ignore:setup.py install is deprecated -W ignore:easy_install command is deprecated setup.py develop --uninstall --editable --build-directory /home/hosbot/ros2_ws/build/hospital_robot/build
[2.289s] Invoking command in '/home/hosbot/ros2_ws/src/hospital_robot': DEBUGINFOD_URLS=https://debuginfod.ubuntu.com PYTHONPATH=/home/hosbot/ros2_ws/build/hospital_robot/prefix_override:/usr/lib/python3/dist-packages/colcon_core/task/python/colcon_distutils_commands:/home/hosbot/ros2_ws/install/hospital_robot/lib/python3.12/site-packages:${PYTHONPATH} /usr/bin/python3 -W ignore:setup.py install is deprecated -W ignore:easy_install command is deprecated setup.py egg_info --egg-base ../../build/hospital_robot build --build-base /home/hosbot/ros2_ws/build/hospital_robot/build install --record /home/hosbot/ros2_ws/build/hospital_robot/install.log --single-version-externally-managed install_data --force
[2.655s] running egg_info
[2.682s] writing ../../build/hospital_robot/hospital_robot.egg-info/PKG-INFO
[2.682s] writing dependency_links to ../../build/hospital_robot/hospital_robot.egg-info/dependency_links.txt
[2.684s] writing entry points to ../../build/hospital_robot/hospital_robot.egg-info/entry_points.txt
[2.685s] writing requirements to ../../build/hospital_robot/hospital_robot.egg-info/requires.txt
[2.685s] writing top-level names to ../../build/hospital_robot/hospital_robot.egg-info/top_level.txt
[2.742s] reading manifest file '../../build/hospital_robot/hospital_robot.egg-info/SOURCES.txt'
[2.743s] writing manifest file '../../build/hospital_robot/hospital_robot.egg-info/SOURCES.txt'
[2.743s] running build
[2.743s] running build_py
[2.744s] creating /home/hosbot/ros2_ws/build/hospital_robot/build
[2.744s] creating /home/hosbot/ros2_ws/build/hospital_robot/build/lib
[2.744s] creating /home/hosbot/ros2_ws/build/hospital_robot/build/lib/hospital_robot
[2.744s] copying hospital_robot/motor_control.py -> /home/hosbot/ros2_ws/build/hospital_robot/build/lib/hospital_robot
[2.744s] copying hospital_robot/__init__.py -> /home/hosbot/ros2_ws/build/hospital_robot/build/lib/hospital_robot
[2.744s] running install
[2.754s] running install_lib
[2.780s] creating /home/hosbot/ros2_ws/install/hospital_robot/lib/python3.12/site-packages/hospital_robot
[2.781s] copying /home/hosbot/ros2_ws/build/hospital_robot/build/lib/hospital_robot/motor_control.py -> /home/hosbot/ros2_ws/install/hospital_robot/lib/python3.12/site-packages/hospital_robot
[2.781s] copying /home/hosbot/ros2_ws/build/hospital_robot/build/lib/hospital_robot/__init__.py -> /home/hosbot/ros2_ws/install/hospital_robot/lib/python3.12/site-packages/hospital_robot
[2.782s] byte-compiling /home/hosbot/ros2_ws/install/hospital_robot/lib/python3.12/site-packages/hospital_robot/motor_control.py to motor_control.cpython-312.pyc
[2.785s] byte-compiling /home/hosbot/ros2_ws/install/hospital_robot/lib/python3.12/site-packages/hospital_robot/__init__.py to __init__.cpython-312.pyc
[2.785s] running install_data
[2.785s] copying resource/hospital_robot -> /home/hosbot/ros2_ws/install/hospital_robot/share/ament_index/resource_index/packages
[2.785s] copying package.xml -> /home/hosbot/ros2_ws/install/hospital_robot/share/hospital_robot
[2.786s] running install_egg_info
[2.815s] Copying ../../build/hospital_robot/hospital_robot.egg-info to /home/hosbot/ros2_ws/install/hospital_robot/lib/python3.12/site-packages/hospital_robot-0.0.0-py3.12.egg-info
[2.816s] running install_scripts
[3.002s] Installing motor_control script to /home/hosbot/ros2_ws/install/hospital_robot/lib/hospital_robot
[3.002s] writing list of installed files to '/home/hosbot/ros2_ws/build/hospital_robot/install.log'
[3.075s] Invoked command in '/home/hosbot/ros2_ws/src/hospital_robot' returned '0': DEBUGINFOD_URLS=https://debuginfod.ubuntu.com PYTHONPATH=/home/hosbot/ros2_ws/build/hospital_robot/prefix_override:/usr/lib/python3/dist-packages/colcon_core/task/python/colcon_distutils_commands:/home/hosbot/ros2_ws/install/hospital_robot/lib/python3.12/site-packages:${PYTHONPATH} /usr/bin/python3 -W ignore:setup.py install is deprecated -W ignore:easy_install command is deprecated setup.py egg_info --egg-base ../../build/hospital_robot build --build-base /home/hosbot/ros2_ws/build/hospital_robot/build install --record /home/hosbot/ros2_ws/build/hospital_robot/install.log --single-version-externally-managed install_data --force
