running develop
running egg_info
creating hospital_robot.egg-info
writing hospital_robot.egg-info/PKG-INFO
writing dependency_links to hospital_robot.egg-info/dependency_links.txt
writing entry points to hospital_robot.egg-info/entry_points.txt
writing requirements to hospital_robot.egg-info/requires.txt
writing top-level names to hospital_robot.egg-info/top_level.txt
writing manifest file 'hospital_robot.egg-info/SOURCES.txt'
reading manifest file 'hospital_robot.egg-info/SOURCES.txt'
writing manifest file 'hospital_robot.egg-info/SOURCES.txt'
running build_ext
Creating /home/hosbot/ros2_ws/install/hospital_robot/lib/python3.12/site-packages/hospital-robot.egg-link (link to .)
Installing motor_control script to /home/hosbot/ros2_ws/install/hospital_robot/lib/hospital_robot

Installed /home/hosbot/ros2_ws/build/hospital_robot
running symlink_data
creating /home/hosbot/ros2_ws/install/hospital_robot/share/ament_index
creating /home/hosbot/ros2_ws/install/hospital_robot/share/ament_index/resource_index
creating /home/hosbot/ros2_ws/install/hospital_robot/share/ament_index/resource_index/packages
symbolically linking /home/hosbot/ros2_ws/build/hospital_robot/resource/hospital_robot -> /home/hosbot/ros2_ws/install/hospital_robot/share/ament_index/resource_index/packages
symbolically linking /home/hosbot/ros2_ws/build/hospital_robot/package.xml -> /home/hosbot/ros2_ws/install/hospital_robot/share/hospital_robot
