[1.267s] Invoking command in '/home/hosbot/ros2_ws/build/hospital_robot': DEBUGINFOD_URLS=https://debuginfod.ubuntu.com PYTHONPATH=/home/hosbot/ros2_ws/build/hospital_robot/prefix_override:/usr/lib/python3/dist-packages/colcon_core/task/python/colcon_distutils_commands:/home/hosbot/ros2_ws/install/hospital_robot/lib/python3.12/site-packages: /usr/bin/python3 -W ignore:setup.py install is deprecated -W ignore:easy_install command is deprecated setup.py develop --editable --build-directory /home/hosbot/ros2_ws/build/hospital_robot/build --no-deps symlink_data
[1.603s] running develop
[1.752s] running egg_info
[1.753s] creating hospital_robot.egg-info
[1.766s] writing hospital_robot.egg-info/PKG-INFO
[1.766s] writing dependency_links to hospital_robot.egg-info/dependency_links.txt
[1.767s] writing entry points to hospital_robot.egg-info/entry_points.txt
[1.767s] writing requirements to hospital_robot.egg-info/requires.txt
[1.767s] writing top-level names to hospital_robot.egg-info/top_level.txt
[1.767s] writing manifest file 'hospital_robot.egg-info/SOURCES.txt'
[1.795s] reading manifest file 'hospital_robot.egg-info/SOURCES.txt'
[1.796s] writing manifest file 'hospital_robot.egg-info/SOURCES.txt'
[1.812s] running build_ext
[1.812s] Creating /home/hosbot/ros2_ws/install/hospital_robot/lib/python3.12/site-packages/hospital-robot.egg-link (link to .)
[1.813s] Installing motor_control script to /home/hosbot/ros2_ws/install/hospital_robot/lib/hospital_robot
[1.813s] 
[1.813s] Installed /home/hosbot/ros2_ws/build/hospital_robot
[1.814s] running symlink_data
[1.814s] creating /home/hosbot/ros2_ws/install/hospital_robot/share/ament_index
[1.814s] creating /home/hosbot/ros2_ws/install/hospital_robot/share/ament_index/resource_index
[1.814s] creating /home/hosbot/ros2_ws/install/hospital_robot/share/ament_index/resource_index/packages
[1.814s] symbolically linking /home/hosbot/ros2_ws/build/hospital_robot/resource/hospital_robot -> /home/hosbot/ros2_ws/install/hospital_robot/share/ament_index/resource_index/packages
[1.814s] symbolically linking /home/hosbot/ros2_ws/build/hospital_robot/package.xml -> /home/hosbot/ros2_ws/install/hospital_robot/share/hospital_robot
[1.903s] Invoked command in '/home/hosbot/ros2_ws/build/hospital_robot' returned '0': DEBUGINFOD_URLS=https://debuginfod.ubuntu.com PYTHONPATH=/home/hosbot/ros2_ws/build/hospital_robot/prefix_override:/usr/lib/python3/dist-packages/colcon_core/task/python/colcon_distutils_commands:/home/hosbot/ros2_ws/install/hospital_robot/lib/python3.12/site-packages: /usr/bin/python3 -W ignore:setup.py install is deprecated -W ignore:easy_install command is deprecated setup.py develop --editable --build-directory /home/hosbot/ros2_ws/build/hospital_robot/build --no-deps symlink_data
