[0.407s] DEBUG:colcon:Command line arguments: ['/usr/bin/colcon', 'build', '--symlink-install']
[0.407s] DEBUG:colcon:Parsed command line arguments: Namespace(log_base=None, log_level=None, verb_name='build', build_base='build', install_base='install', merge_install=False, symlink_install=True, test_result_base=None, continue_on_error=False, executor='parallel', parallel_workers=4, event_handlers=None, ignore_user_meta=False, metas=['./colcon.meta'], base_paths=['.'], packages_ignore=None, packages_ignore_regex=None, paths=None, packages_up_to=None, packages_up_to_regex=None, packages_above=None, packages_above_and_dependencies=None, packages_above_depth=None, packages_select_by_dep=None, packages_skip_by_dep=None, packages_skip_up_to=None, packages_select_build_failed=False, packages_skip_build_finished=False, packages_select_test_failures=False, packages_skip_test_passed=False, packages_select=None, packages_skip=None, packages_select_regex=None, packages_skip_regex=None, packages_start=None, packages_end=None, allow_overriding=[], cmake_args=None, cmake_target=None, cmake_target_skip_unavailable=False, cmake_clean_cache=False, cmake_clean_first=False, cmake_force_configure=False, ament_cmake_args=None, catkin_cmake_args=None, catkin_skip_building_tests=False, mixin_files=None, mixin=None, verb_parser=<colcon_mixin.mixin.mixin_argument.MixinArgumentDecorator object at 0xffff91226720>, verb_extension=<colcon_core.verb.build.BuildVerb object at 0xffff913de360>, main=<bound method BuildVerb.main of <colcon_core.verb.build.BuildVerb object at 0xffff913de360>>, mixin_verb=('build',))
[0.527s] Level 1:colcon.colcon_core.package_discovery:discover_packages(colcon_meta) check parameters
[0.527s] Level 1:colcon.colcon_core.package_discovery:discover_packages(recursive) check parameters
[0.527s] Level 1:colcon.colcon_core.package_discovery:discover_packages(ignore) check parameters
[0.527s] Level 1:colcon.colcon_core.package_discovery:discover_packages(path) check parameters
[0.527s] Level 1:colcon.colcon_core.package_discovery:discover_packages(colcon_meta) discover
[0.527s] Level 1:colcon.colcon_core.package_discovery:discover_packages(recursive) discover
[0.527s] INFO:colcon.colcon_core.package_discovery:Crawling recursively for packages in '/home/hosbot/ros2_ws'
[0.528s] Level 1:colcon.colcon_core.package_identification:_identify(.) by extensions ['ignore', 'ignore_ament_install']
[0.528s] Level 1:colcon.colcon_core.package_identification:_identify(.) by extension 'ignore'
[0.528s] Level 1:colcon.colcon_core.package_identification:_identify(.) by extension 'ignore_ament_install'
[0.528s] Level 1:colcon.colcon_core.package_identification:_identify(.) by extensions ['colcon_pkg']
[0.528s] Level 1:colcon.colcon_core.package_identification:_identify(.) by extension 'colcon_pkg'
[0.528s] Level 1:colcon.colcon_core.package_identification:_identify(.) by extensions ['colcon_meta']
[0.528s] Level 1:colcon.colcon_core.package_identification:_identify(.) by extension 'colcon_meta'
[0.528s] Level 1:colcon.colcon_core.package_identification:_identify(.) by extensions ['ros']
[0.528s] Level 1:colcon.colcon_core.package_identification:_identify(.) by extension 'ros'
[0.567s] Level 1:colcon.colcon_core.package_identification:_identify(.) by extensions ['cmake', 'python']
[0.567s] Level 1:colcon.colcon_core.package_identification:_identify(.) by extension 'cmake'
[0.568s] Level 1:colcon.colcon_core.package_identification:_identify(.) by extension 'python'
[0.568s] Level 1:colcon.colcon_core.package_identification:_identify(.) by extensions ['python_setup_py']
[0.568s] Level 1:colcon.colcon_core.package_identification:_identify(.) by extension 'python_setup_py'
[0.568s] Level 1:colcon.colcon_core.package_identification:_identify(build) by extensions ['ignore', 'ignore_ament_install']
[0.568s] Level 1:colcon.colcon_core.package_identification:_identify(build) by extension 'ignore'
[0.568s] Level 1:colcon.colcon_core.package_identification:_identify(build) ignored
[0.568s] Level 1:colcon.colcon_core.package_identification:_identify(install) by extensions ['ignore', 'ignore_ament_install']
[0.568s] Level 1:colcon.colcon_core.package_identification:_identify(install) by extension 'ignore'
[0.568s] Level 1:colcon.colcon_core.package_identification:_identify(install) ignored
[0.568s] Level 1:colcon.colcon_core.package_identification:_identify(log) by extensions ['ignore', 'ignore_ament_install']
[0.568s] Level 1:colcon.colcon_core.package_identification:_identify(log) by extension 'ignore'
[0.568s] Level 1:colcon.colcon_core.package_identification:_identify(log) ignored
[0.569s] Level 1:colcon.colcon_core.package_identification:_identify(src) by extensions ['ignore', 'ignore_ament_install']
[0.569s] Level 1:colcon.colcon_core.package_identification:_identify(src) by extension 'ignore'
[0.569s] Level 1:colcon.colcon_core.package_identification:_identify(src) by extension 'ignore_ament_install'
[0.569s] Level 1:colcon.colcon_core.package_identification:_identify(src) by extensions ['colcon_pkg']
[0.569s] Level 1:colcon.colcon_core.package_identification:_identify(src) by extension 'colcon_pkg'
[0.569s] Level 1:colcon.colcon_core.package_identification:_identify(src) by extensions ['colcon_meta']
[0.569s] Level 1:colcon.colcon_core.package_identification:_identify(src) by extension 'colcon_meta'
[0.569s] Level 1:colcon.colcon_core.package_identification:_identify(src) by extensions ['ros']
[0.569s] Level 1:colcon.colcon_core.package_identification:_identify(src) by extension 'ros'
[0.569s] Level 1:colcon.colcon_core.package_identification:_identify(src) by extensions ['cmake', 'python']
[0.569s] Level 1:colcon.colcon_core.package_identification:_identify(src) by extension 'cmake'
[0.569s] Level 1:colcon.colcon_core.package_identification:_identify(src) by extension 'python'
[0.569s] Level 1:colcon.colcon_core.package_identification:_identify(src) by extensions ['python_setup_py']
[0.569s] Level 1:colcon.colcon_core.package_identification:_identify(src) by extension 'python_setup_py'
[0.569s] Level 1:colcon.colcon_core.package_identification:_identify(src/hospital_robot) by extensions ['ignore', 'ignore_ament_install']
[0.569s] Level 1:colcon.colcon_core.package_identification:_identify(src/hospital_robot) by extension 'ignore'
[0.569s] Level 1:colcon.colcon_core.package_identification:_identify(src/hospital_robot) by extension 'ignore_ament_install'
[0.570s] Level 1:colcon.colcon_core.package_identification:_identify(src/hospital_robot) by extensions ['colcon_pkg']
[0.570s] Level 1:colcon.colcon_core.package_identification:_identify(src/hospital_robot) by extension 'colcon_pkg'
[0.570s] Level 1:colcon.colcon_core.package_identification:_identify(src/hospital_robot) by extensions ['colcon_meta']
[0.570s] Level 1:colcon.colcon_core.package_identification:_identify(src/hospital_robot) by extension 'colcon_meta'
[0.570s] Level 1:colcon.colcon_core.package_identification:_identify(src/hospital_robot) by extensions ['ros']
[0.570s] Level 1:colcon.colcon_core.package_identification:_identify(src/hospital_robot) by extension 'ros'
[0.577s] DEBUG:colcon.colcon_core.package_identification:Package 'src/hospital_robot' with type 'ros.ament_python' and name 'hospital_robot'
[0.577s] Level 1:colcon.colcon_core.package_discovery:discover_packages(recursive) using defaults
[0.577s] Level 1:colcon.colcon_core.package_discovery:discover_packages(ignore) discover
[0.577s] Level 1:colcon.colcon_core.package_discovery:discover_packages(ignore) using defaults
[0.577s] Level 1:colcon.colcon_core.package_discovery:discover_packages(path) discover
[0.577s] Level 1:colcon.colcon_core.package_discovery:discover_packages(path) using defaults
[0.617s] Level 1:colcon.colcon_core.package_discovery:discover_packages(prefix_path) check parameters
[0.617s] Level 1:colcon.colcon_core.package_discovery:discover_packages(prefix_path) discover
[0.620s] Level 1:colcon.colcon_core.package_discovery:discover_packages(prefix_path) using defaults
[0.623s] Level 5:colcon.colcon_core.verb:set package 'hospital_robot' build argument 'cmake_args' from command line to 'None'
[0.623s] Level 5:colcon.colcon_core.verb:set package 'hospital_robot' build argument 'cmake_target' from command line to 'None'
[0.623s] Level 5:colcon.colcon_core.verb:set package 'hospital_robot' build argument 'cmake_target_skip_unavailable' from command line to 'False'
[0.623s] Level 5:colcon.colcon_core.verb:set package 'hospital_robot' build argument 'cmake_clean_cache' from command line to 'False'
[0.623s] Level 5:colcon.colcon_core.verb:set package 'hospital_robot' build argument 'cmake_clean_first' from command line to 'False'
[0.623s] Level 5:colcon.colcon_core.verb:set package 'hospital_robot' build argument 'cmake_force_configure' from command line to 'False'
[0.623s] Level 5:colcon.colcon_core.verb:set package 'hospital_robot' build argument 'ament_cmake_args' from command line to 'None'
[0.623s] Level 5:colcon.colcon_core.verb:set package 'hospital_robot' build argument 'catkin_cmake_args' from command line to 'None'
[0.623s] Level 5:colcon.colcon_core.verb:set package 'hospital_robot' build argument 'catkin_skip_building_tests' from command line to 'False'
[0.623s] DEBUG:colcon.colcon_core.verb:Building package 'hospital_robot' with the following arguments: {'ament_cmake_args': None, 'build_base': '/home/hosbot/ros2_ws/build/hospital_robot', 'catkin_cmake_args': None, 'catkin_skip_building_tests': False, 'cmake_args': None, 'cmake_clean_cache': False, 'cmake_clean_first': False, 'cmake_force_configure': False, 'cmake_target': None, 'cmake_target_skip_unavailable': False, 'install_base': '/home/hosbot/ros2_ws/install/hospital_robot', 'merge_install': False, 'path': '/home/hosbot/ros2_ws/src/hospital_robot', 'symlink_install': True, 'test_result_base': None}
[0.623s] INFO:colcon.colcon_core.executor:Executing jobs using 'parallel' executor
[0.625s] DEBUG:colcon.colcon_parallel_executor.executor.parallel:run_until_complete
[0.625s] INFO:colcon.colcon_ros.task.ament_python.build:Building ROS package in '/home/hosbot/ros2_ws/src/hospital_robot' with build type 'ament_python'
[0.626s] Level 1:colcon.colcon_core.shell:create_environment_hook('hospital_robot', 'ament_prefix_path')
[0.635s] INFO:colcon.colcon_core.plugin_system:Skipping extension 'colcon_core.shell.bat': Not used on non-Windows systems
[0.635s] INFO:colcon.colcon_core.shell:Creating environment hook '/home/hosbot/ros2_ws/install/hospital_robot/share/hospital_robot/hook/ament_prefix_path.ps1'
[0.637s] INFO:colcon.colcon_core.shell:Creating environment descriptor '/home/hosbot/ros2_ws/install/hospital_robot/share/hospital_robot/hook/ament_prefix_path.dsv'
[0.638s] INFO:colcon.colcon_core.shell:Creating environment hook '/home/hosbot/ros2_ws/install/hospital_robot/share/hospital_robot/hook/ament_prefix_path.sh'
[0.639s] INFO:colcon.colcon_core.shell:Skip shell extension 'powershell' for command environment: Not usable outside of PowerShell
[0.639s] DEBUG:colcon.colcon_core.shell:Skip shell extension 'dsv' for command environment
[0.916s] INFO:colcon.colcon_core.task.python.build:Building Python package in '/home/hosbot/ros2_ws/src/hospital_robot'
[0.917s] INFO:colcon.colcon_core.shell:Skip shell extension 'powershell' for command environment: Not usable outside of PowerShell
[0.917s] DEBUG:colcon.colcon_core.shell:Skip shell extension 'dsv' for command environment
[1.892s] DEBUG:colcon.colcon_core.event_handler.log_command:Invoking command in '/home/hosbot/ros2_ws/build/hospital_robot': DEBUGINFOD_URLS=https://debuginfod.ubuntu.com PYTHONPATH=/home/hosbot/ros2_ws/build/hospital_robot/prefix_override:/usr/lib/python3/dist-packages/colcon_core/task/python/colcon_distutils_commands:/home/hosbot/ros2_ws/install/hospital_robot/lib/python3.12/site-packages: /usr/bin/python3 -W ignore:setup.py install is deprecated -W ignore:easy_install command is deprecated setup.py develop --editable --build-directory /home/hosbot/ros2_ws/build/hospital_robot/build --no-deps symlink_data
[2.528s] Level 1:colcon.colcon_core.shell:create_environment_hook('hospital_robot', 'pythonpath_develop')
[2.528s] INFO:colcon.colcon_core.shell:Creating environment hook '/home/hosbot/ros2_ws/build/hospital_robot/share/hospital_robot/hook/pythonpath_develop.ps1'
[2.529s] DEBUG:colcon.colcon_core.event_handler.log_command:Invoked command in '/home/hosbot/ros2_ws/build/hospital_robot' returned '0': DEBUGINFOD_URLS=https://debuginfod.ubuntu.com PYTHONPATH=/home/hosbot/ros2_ws/build/hospital_robot/prefix_override:/usr/lib/python3/dist-packages/colcon_core/task/python/colcon_distutils_commands:/home/hosbot/ros2_ws/install/hospital_robot/lib/python3.12/site-packages: /usr/bin/python3 -W ignore:setup.py install is deprecated -W ignore:easy_install command is deprecated setup.py develop --editable --build-directory /home/hosbot/ros2_ws/build/hospital_robot/build --no-deps symlink_data
[2.529s] INFO:colcon.colcon_core.shell:Creating environment descriptor '/home/hosbot/ros2_ws/build/hospital_robot/share/hospital_robot/hook/pythonpath_develop.dsv'
[2.530s] INFO:colcon.colcon_core.shell:Creating environment hook '/home/hosbot/ros2_ws/build/hospital_robot/share/hospital_robot/hook/pythonpath_develop.sh'
[2.541s] Level 1:colcon.colcon_core.environment:checking '/home/hosbot/ros2_ws/install/hospital_robot' for CMake module files
[2.542s] Level 1:colcon.colcon_core.environment:checking '/home/hosbot/ros2_ws/install/hospital_robot' for CMake config files
[2.543s] Level 1:colcon.colcon_core.environment:checking '/home/hosbot/ros2_ws/install/hospital_robot/lib'
[2.543s] Level 1:colcon.colcon_core.environment:checking '/home/hosbot/ros2_ws/install/hospital_robot/bin'
[2.543s] Level 1:colcon.colcon_core.environment:checking '/home/hosbot/ros2_ws/install/hospital_robot/lib/pkgconfig/hospital_robot.pc'
[2.544s] Level 1:colcon.colcon_core.environment:checking '/home/hosbot/ros2_ws/install/hospital_robot/lib/python3.12/site-packages'
[2.544s] Level 1:colcon.colcon_core.shell:create_environment_hook('hospital_robot', 'pythonpath')
[2.544s] INFO:colcon.colcon_core.shell:Creating environment hook '/home/hosbot/ros2_ws/install/hospital_robot/share/hospital_robot/hook/pythonpath.ps1'
[2.545s] INFO:colcon.colcon_core.shell:Creating environment descriptor '/home/hosbot/ros2_ws/install/hospital_robot/share/hospital_robot/hook/pythonpath.dsv'
[2.545s] INFO:colcon.colcon_core.shell:Creating environment hook '/home/hosbot/ros2_ws/install/hospital_robot/share/hospital_robot/hook/pythonpath.sh'
[2.546s] Level 1:colcon.colcon_core.environment:checking '/home/hosbot/ros2_ws/install/hospital_robot/bin'
[2.546s] Level 1:colcon.colcon_core.environment:create_environment_scripts_only(hospital_robot)
[2.546s] INFO:colcon.colcon_core.shell:Creating package script '/home/hosbot/ros2_ws/install/hospital_robot/share/hospital_robot/package.ps1'
[2.548s] INFO:colcon.colcon_core.shell:Creating package descriptor '/home/hosbot/ros2_ws/install/hospital_robot/share/hospital_robot/package.dsv'
[2.549s] INFO:colcon.colcon_core.shell:Creating package script '/home/hosbot/ros2_ws/install/hospital_robot/share/hospital_robot/package.sh'
[2.550s] INFO:colcon.colcon_core.shell:Creating package script '/home/hosbot/ros2_ws/install/hospital_robot/share/hospital_robot/package.bash'
[2.552s] INFO:colcon.colcon_core.shell:Creating package script '/home/hosbot/ros2_ws/install/hospital_robot/share/hospital_robot/package.zsh'
[2.553s] Level 1:colcon.colcon_core.environment:create_file_with_runtime_dependencies(/home/hosbot/ros2_ws/install/hospital_robot/share/colcon-core/packages/hospital_robot)
[2.554s] DEBUG:colcon.colcon_parallel_executor.executor.parallel:closing loop
[2.554s] DEBUG:colcon.colcon_parallel_executor.executor.parallel:loop closed
[2.555s] DEBUG:colcon.colcon_parallel_executor.executor.parallel:run_until_complete finished with '0'
[2.555s] DEBUG:colcon.colcon_core.event_reactor:joining thread
[2.564s] INFO:colcon.colcon_core.plugin_system:Skipping extension 'colcon_notification.desktop_notification.terminal_notifier': Not used on non-Darwin systems
[2.565s] INFO:colcon.colcon_core.plugin_system:Skipping extension 'colcon_notification.desktop_notification.win32': Not used on non-Windows systems
[2.565s] INFO:colcon.colcon_notification.desktop_notification:Sending desktop notification using 'notify2'
[2.567s] DEBUG:colcon.colcon_notification.desktop_notification.notify2:Failed to initialize notify2: org.freedesktop.DBus.Error.ServiceUnknown: The name org.freedesktop.Notifications was not provided by any .service files
[2.567s] DEBUG:colcon.colcon_core.event_reactor:joined thread
[2.567s] INFO:colcon.colcon_core.shell:Creating prefix script '/home/hosbot/ros2_ws/install/local_setup.ps1'
[2.569s] INFO:colcon.colcon_core.shell:Creating prefix util module '/home/hosbot/ros2_ws/install/_local_setup_util_ps1.py'
[2.571s] INFO:colcon.colcon_core.shell:Creating prefix chain script '/home/hosbot/ros2_ws/install/setup.ps1'
[2.573s] INFO:colcon.colcon_core.shell:Creating prefix script '/home/hosbot/ros2_ws/install/local_setup.sh'
[2.574s] INFO:colcon.colcon_core.shell:Creating prefix util module '/home/hosbot/ros2_ws/install/_local_setup_util_sh.py'
[2.574s] INFO:colcon.colcon_core.shell:Creating prefix chain script '/home/hosbot/ros2_ws/install/setup.sh'
[2.576s] INFO:colcon.colcon_core.shell:Creating prefix script '/home/hosbot/ros2_ws/install/local_setup.bash'
[2.579s] INFO:colcon.colcon_core.shell:Creating prefix chain script '/home/hosbot/ros2_ws/install/setup.bash'
[2.580s] INFO:colcon.colcon_core.shell:Creating prefix script '/home/hosbot/ros2_ws/install/local_setup.zsh'
[2.581s] INFO:colcon.colcon_core.shell:Creating prefix chain script '/home/hosbot/ros2_ws/install/setup.zsh'
